d:\study material 2\thesis\thesis project\thesis-project\thesisproject\thesisproject\debug\thesisproject.pch
d:\study material 2\thesis\thesis project\thesis-project\thesisproject\thesisproject\debug\vc120.pdb
d:\study material 2\thesis\thesis project\thesis-project\thesisproject\thesisproject\debug\vc120.idb
d:\study material 2\thesis\thesis project\thesis-project\thesisproject\thesisproject\debug\stdafx.obj
d:\study material 2\thesis\thesis project\thesis-project\thesisproject\thesisproject\debug\thesisproject.res
d:\study material 2\thesis\thesis project\thesis-project\thesisproject\debug\thesisproject.pdb
d:\study material 2\thesis\thesis project\thesis-project\thesisproject\thesisproject\debug\thesisproject.tlog\cl.command.1.tlog
d:\study material 2\thesis\thesis project\thesis-project\thesisproject\thesisproject\debug\thesisproject.tlog\cl.read.1.tlog
d:\study material 2\thesis\thesis project\thesis-project\thesisproject\thesisproject\debug\thesisproject.tlog\cl.write.1.tlog
d:\study material 2\thesis\thesis project\thesis-project\thesisproject\thesisproject\debug\thesisproject.tlog\link.4180-cvtres.read.1.tlog
d:\study material 2\thesis\thesis project\thesis-project\thesisproject\thesisproject\debug\thesisproject.tlog\link.4180-cvtres.write.1.tlog
d:\study material 2\thesis\thesis project\thesis-project\thesisproject\thesisproject\debug\thesisproject.tlog\link.4180-rc.read.1.tlog
d:\study material 2\thesis\thesis project\thesis-project\thesisproject\thesisproject\debug\thesisproject.tlog\link.4180-rc.write.1.tlog
d:\study material 2\thesis\thesis project\thesis-project\thesisproject\thesisproject\debug\thesisproject.tlog\link.4180.read.1.tlog
d:\study material 2\thesis\thesis project\thesis-project\thesisproject\thesisproject\debug\thesisproject.tlog\link.4180.write.1.tlog
d:\study material 2\thesis\thesis project\thesis-project\thesisproject\thesisproject\debug\thesisproject.tlog\link.command.1.tlog
d:\study material 2\thesis\thesis project\thesis-project\thesisproject\thesisproject\debug\thesisproject.tlog\link.read.1.tlog
d:\study material 2\thesis\thesis project\thesis-project\thesisproject\thesisproject\debug\thesisproject.tlog\link.write.1.tlog
d:\study material 2\thesis\thesis project\thesis-project\thesisproject\thesisproject\debug\thesisproject.tlog\rc.command.1.tlog
d:\study material 2\thesis\thesis project\thesis-project\thesisproject\thesisproject\debug\thesisproject.tlog\rc.read.1.tlog
d:\study material 2\thesis\thesis project\thesis-project\thesisproject\thesisproject\debug\thesisproject.tlog\rc.write.1.tlog
